2013-10-23 22:16:01,016 [Thread-1:4684] [index:163] [INFO]- 标题长度:5
2013-10-23 22:16:01,016 [Thread-1:4684] [index:163] [INFO]- 标题长度:3
2013-10-23 22:16:01,017 [Thread-1:4684] [index:163] [INFO]- 标题长度:18
2013-10-23 22:16:01,023 [Thread-1:4684] [index:75] [DEBUG]- wrapper有：1
2013-10-23 22:16:01,025 [Thread-1:4684] [index:97] [DEBUG]- test
2013-10-23 22:19:48,167 [Thread-1:28872] [index:105] [DEBUG]- "Key 'HHH' not found in <QueryDict: {}>"
2013-10-23 22:35:13,650 [Thread-1:32244] [index:103] [DEBUG]- (1045, "Access denied for user 'herald_index'@'223.3.20.201' (using password: NO)")
2013-10-23 22:35:25,973 [Thread-1:32340] [index:103] [DEBUG]- (1045, "Access denied for user 'herald_index'@'223.3.20.201' (using password: NO)")
2013-10-23 22:35:27,740 [Thread-3:32836] [index:103] [DEBUG]- (1045, "Access denied for user 'herald_index'@'223.3.20.201' (using password: NO)")
2013-10-23 22:35:59,723 [Thread-1:33452] [index:103] [DEBUG]- (1045, "Access denied for user 'herald_index'@'223.3.20.201' (using password: NO)")
2013-10-23 22:37:48,714 [Thread-1:34932] [index:105] [DEBUG]- (1045, "Access denied for user 'herald_index'@'223.3.20.201' (using password: NO)")
2013-10-23 22:37:50,690 [Thread-3:34388] [index:105] [DEBUG]- (1045, "Access denied for user 'herald_index'@'223.3.20.201' (using password: NO)")
2013-10-23 22:38:29,253 [Thread-1:30120] [index:163] [INFO]- 标题长度:5
2013-10-23 22:38:29,253 [Thread-1:30120] [index:163] [INFO]- 标题长度:3
2013-10-23 22:38:29,255 [Thread-1:30120] [index:163] [INFO]- 标题长度:18
2013-10-23 22:38:29,259 [Thread-1:30120] [index:77] [DEBUG]- wrapper有：1
2013-10-23 22:38:50,772 [Thread-23:28292] [index:163] [INFO]- 标题长度:5
2013-10-23 22:38:50,772 [Thread-23:28292] [index:163] [INFO]- 标题长度:3
2013-10-23 22:38:50,772 [Thread-23:28292] [index:163] [INFO]- 标题长度:18
2013-10-23 23:07:53,693 [Thread-31:40636] [index:163] [INFO]- 标题长度:5
2013-10-23 23:07:53,693 [Thread-31:40636] [index:163] [INFO]- 标题长度:3
2013-10-23 23:07:53,693 [Thread-31:40636] [index:163] [INFO]- 标题长度:18
2013-10-23 23:08:40,717 [Thread-42:37812] [index:163] [INFO]- 标题长度:5
2013-10-23 23:08:40,717 [Thread-42:37812] [index:163] [INFO]- 标题长度:3
2013-10-23 23:08:40,723 [Thread-42:37812] [index:163] [INFO]- 标题长度:18
2013-10-23 23:08:40,733 [Thread-42:37812] [index:77] [DEBUG]- wrapper有：0
2013-10-24 00:30:11,249 [Thread-1:29364] [index:163] [INFO]- 标题长度:5
2013-10-24 00:30:11,250 [Thread-1:29364] [index:163] [INFO]- 标题长度:3
2013-10-24 00:30:11,250 [Thread-1:29364] [index:163] [INFO]- 标题长度:18
2013-10-24 00:30:15,657 [Thread-5:29916] [index:163] [INFO]- 标题长度:5
2013-10-24 00:30:15,657 [Thread-5:29916] [index:163] [INFO]- 标题长度:3
2013-10-24 00:30:15,663 [Thread-5:29916] [index:163] [INFO]- 标题长度:18
2013-10-24 00:30:15,676 [Thread-5:29916] [index:77] [DEBUG]- wrapper有：0
2013-10-24 00:31:44,595 [Thread-12:38732] [index:163] [INFO]- 标题长度:5
2013-10-24 00:31:44,595 [Thread-12:38732] [index:163] [INFO]- 标题长度:3
2013-10-24 00:31:44,598 [Thread-12:38732] [index:163] [INFO]- 标题长度:18
2013-10-24 00:31:44,601 [Thread-12:38732] [index:77] [DEBUG]- wrapper有：0
2013-10-24 00:33:14,592 [Thread-37:32504] [index:163] [INFO]- 标题长度:5
2013-10-24 00:33:14,592 [Thread-37:32504] [index:163] [INFO]- 标题长度:3
2013-10-24 00:33:14,595 [Thread-37:32504] [index:163] [INFO]- 标题长度:18
2013-10-24 00:33:14,598 [Thread-37:32504] [index:77] [DEBUG]- wrapper有：0
2013-10-24 00:33:56,384 [Thread-59:31152] [index:163] [INFO]- 标题长度:5
2013-10-24 00:33:56,384 [Thread-59:31152] [index:163] [INFO]- 标题长度:3
2013-10-24 00:33:56,385 [Thread-59:31152] [index:163] [INFO]- 标题长度:18
2013-10-24 00:33:56,390 [Thread-59:31152] [index:77] [DEBUG]- wrapper有：0
2013-10-24 00:58:16,296 [Thread-81:16940] [index:163] [INFO]- 标题长度:5
2013-10-24 00:58:16,296 [Thread-81:16940] [index:163] [INFO]- 标题长度:3
2013-10-24 00:58:16,298 [Thread-81:16940] [index:163] [INFO]- 标题长度:18
2013-10-24 00:58:16,301 [Thread-81:16940] [index:77] [DEBUG]- wrapper有：0
2013-10-24 00:58:52,296 [Thread-104:17132] [index:163] [INFO]- 标题长度:5
2013-10-24 00:58:52,296 [Thread-104:17132] [index:163] [INFO]- 标题长度:3
2013-10-24 00:58:52,299 [Thread-104:17132] [index:163] [INFO]- 标题长度:18
2013-10-24 00:58:52,302 [Thread-104:17132] [index:77] [DEBUG]- wrapper有：0
2013-10-24 00:59:13,628 [Thread-118:17544] [index:163] [INFO]- 标题长度:5
2013-10-24 00:59:13,628 [Thread-118:17544] [index:163] [INFO]- 标题长度:3
2013-10-24 00:59:13,628 [Thread-118:17544] [index:163] [INFO]- 标题长度:18
2013-10-24 00:59:13,631 [Thread-118:17544] [index:77] [DEBUG]- wrapper有：0
2013-10-24 00:59:40,615 [Thread-150:17988] [index:163] [INFO]- 标题长度:5
2013-10-24 00:59:40,615 [Thread-150:17988] [index:163] [INFO]- 标题长度:3
2013-10-24 00:59:40,618 [Thread-150:17988] [index:163] [INFO]- 标题长度:18
2013-10-24 00:59:40,621 [Thread-150:17988] [index:77] [DEBUG]- wrapper有：0
2013-10-24 01:01:16,494 [Thread-176:18588] [index:163] [INFO]- 标题长度:5
2013-10-24 01:01:16,496 [Thread-176:18588] [index:163] [INFO]- 标题长度:3
2013-10-24 01:01:16,497 [Thread-176:18588] [index:163] [INFO]- 标题长度:18
2013-10-24 01:01:16,503 [Thread-176:18588] [index:77] [DEBUG]- wrapper有：0
2013-10-24 01:01:36,303 [Thread-202:19016] [index:163] [INFO]- 标题长度:5
2013-10-24 01:01:36,305 [Thread-202:19016] [index:163] [INFO]- 标题长度:3
2013-10-24 01:01:36,305 [Thread-202:19016] [index:163] [INFO]- 标题长度:18
2013-10-24 01:01:36,308 [Thread-202:19016] [index:77] [DEBUG]- wrapper有：0
2013-10-24 01:02:09,607 [Thread-227:19488] [index:163] [INFO]- 标题长度:5
2013-10-24 01:02:09,607 [Thread-227:19488] [index:163] [INFO]- 标题长度:3
2013-10-24 01:02:09,609 [Thread-227:19488] [index:163] [INFO]- 标题长度:18
2013-10-24 01:02:09,618 [Thread-227:19488] [index:77] [DEBUG]- wrapper有：0
2013-10-24 01:02:18,697 [Thread-240:19656] [index:163] [INFO]- 标题长度:5
2013-10-24 01:02:18,697 [Thread-240:19656] [index:163] [INFO]- 标题长度:3
2013-10-24 01:02:18,698 [Thread-240:19656] [index:163] [INFO]- 标题长度:18
2013-10-24 01:02:18,701 [Thread-240:19656] [index:77] [DEBUG]- wrapper有：0
2013-10-24 01:03:32,769 [Thread-265:20220] [index:163] [INFO]- 标题长度:5
2013-10-24 01:03:32,769 [Thread-265:20220] [index:163] [INFO]- 标题长度:3
2013-10-24 01:03:32,770 [Thread-265:20220] [index:163] [INFO]- 标题长度:18
2013-10-24 01:03:32,773 [Thread-265:20220] [index:77] [DEBUG]- wrapper有：0
2013-10-24 01:03:37,430 [Thread-290:20260] [index:163] [INFO]- 标题长度:5
2013-10-24 01:03:37,430 [Thread-290:20260] [index:163] [INFO]- 标题长度:3
2013-10-24 01:03:37,430 [Thread-290:20260] [index:163] [INFO]- 标题长度:18
2013-10-24 01:03:37,434 [Thread-290:20260] [index:77] [DEBUG]- wrapper有：0
2013-10-24 01:05:07,596 [Thread-315:21016] [index:163] [INFO]- 标题长度:5
2013-10-24 01:05:07,596 [Thread-315:21016] [index:163] [INFO]- 标题长度:3
2013-10-24 01:05:07,599 [Thread-315:21016] [index:163] [INFO]- 标题长度:18
2013-10-24 01:05:07,604 [Thread-315:21016] [index:77] [DEBUG]- wrapper有：0
2013-10-24 01:06:19,808 [Thread-340:21688] [index:163] [INFO]- 标题长度:5
2013-10-24 01:06:19,808 [Thread-340:21688] [index:163] [INFO]- 标题长度:3
2013-10-24 01:06:19,809 [Thread-340:21688] [index:163] [INFO]- 标题长度:18
2013-10-24 01:06:19,812 [Thread-340:21688] [index:77] [DEBUG]- wrapper有：0
2013-10-24 01:06:27,598 [Thread-365:21916] [index:163] [INFO]- 标题长度:5
2013-10-24 01:06:27,598 [Thread-365:21916] [index:163] [INFO]- 标题长度:3
2013-10-24 01:06:27,601 [Thread-365:21916] [index:163] [INFO]- 标题长度:18
2013-10-24 01:06:27,602 [Thread-365:21916] [index:77] [DEBUG]- wrapper有：0
2013-10-24 01:06:49,529 [Thread-390:22256] [index:163] [INFO]- 标题长度:5
2013-10-24 01:06:49,529 [Thread-390:22256] [index:163] [INFO]- 标题长度:3
2013-10-24 01:06:49,530 [Thread-390:22256] [index:163] [INFO]- 标题长度:18
2013-10-24 01:06:49,533 [Thread-390:22256] [index:77] [DEBUG]- wrapper有：0
2013-10-24 01:06:57,236 [Thread-415:22600] [index:163] [INFO]- 标题长度:5
2013-10-24 01:06:57,237 [Thread-415:22600] [index:163] [INFO]- 标题长度:3
2013-10-24 01:06:57,240 [Thread-415:22600] [index:163] [INFO]- 标题长度:18
2013-10-24 01:06:57,243 [Thread-415:22600] [index:77] [DEBUG]- wrapper有：0
2013-10-24 01:07:14,858 [Thread-440:22916] [index:163] [INFO]- 标题长度:5
2013-10-24 01:07:14,858 [Thread-440:22916] [index:163] [INFO]- 标题长度:3
2013-10-24 01:07:14,859 [Thread-440:22916] [index:163] [INFO]- 标题长度:18
2013-10-24 01:07:14,862 [Thread-440:22916] [index:77] [DEBUG]- wrapper有：0
2013-10-24 01:07:20,509 [Thread-463:23088] [index:163] [INFO]- 标题长度:5
2013-10-24 01:07:20,510 [Thread-463:23088] [index:163] [INFO]- 标题长度:3
2013-10-24 01:07:20,512 [Thread-463:23088] [index:163] [INFO]- 标题长度:18
2013-10-24 01:07:20,515 [Thread-463:23088] [index:77] [DEBUG]- wrapper有：0
2013-10-24 01:08:54,627 [Thread-486:23676] [index:163] [INFO]- 标题长度:5
2013-10-24 01:08:54,627 [Thread-486:23676] [index:163] [INFO]- 标题长度:3
2013-10-24 01:08:54,628 [Thread-486:23676] [index:163] [INFO]- 标题长度:18
2013-10-24 01:08:54,631 [Thread-486:23676] [index:77] [DEBUG]- wrapper有：0
2013-10-24 01:09:01,611 [Thread-509:24100] [index:163] [INFO]- 标题长度:5
2013-10-24 01:09:01,612 [Thread-509:24100] [index:163] [INFO]- 标题长度:3
2013-10-24 01:09:01,614 [Thread-509:24100] [index:163] [INFO]- 标题长度:18
2013-10-24 01:09:01,618 [Thread-509:24100] [index:77] [DEBUG]- wrapper有：0
2013-10-24 01:13:37,374 [Thread-532:2356] [index:163] [INFO]- 标题长度:5
2013-10-24 01:13:37,374 [Thread-532:2356] [index:163] [INFO]- 标题长度:3
2013-10-24 01:13:37,375 [Thread-532:2356] [index:163] [INFO]- 标题长度:18
2013-10-24 01:13:37,378 [Thread-532:2356] [index:77] [DEBUG]- wrapper有：0
2013-10-24 01:15:26,447 [Thread-557:8648] [index:163] [INFO]- 标题长度:5
2013-10-24 01:15:26,447 [Thread-557:8648] [index:163] [INFO]- 标题长度:3
2013-10-24 01:15:26,450 [Thread-557:8648] [index:163] [INFO]- 标题长度:18
2013-10-24 01:15:26,457 [Thread-557:8648] [index:77] [DEBUG]- wrapper有：0
2013-10-24 01:16:03,503 [Thread-582:9032] [index:163] [INFO]- 标题长度:5
2013-10-24 01:16:03,503 [Thread-582:9032] [index:163] [INFO]- 标题长度:3
2013-10-24 01:16:03,505 [Thread-582:9032] [index:163] [INFO]- 标题长度:18
2013-10-24 01:16:03,509 [Thread-582:9032] [index:77] [DEBUG]- wrapper有：0
2013-10-24 01:16:07,954 [Thread-607:9248] [index:163] [INFO]- 标题长度:5
2013-10-24 01:16:07,954 [Thread-607:9248] [index:163] [INFO]- 标题长度:3
2013-10-24 01:16:07,957 [Thread-607:9248] [index:163] [INFO]- 标题长度:18
2013-10-24 01:16:07,960 [Thread-607:9248] [index:77] [DEBUG]- wrapper有：0
2013-10-24 01:17:58,805 [Thread-632:9980] [index:163] [INFO]- 标题长度:5
2013-10-24 01:17:58,805 [Thread-632:9980] [index:163] [INFO]- 标题长度:3
2013-10-24 01:17:58,806 [Thread-632:9980] [index:163] [INFO]- 标题长度:18
2013-10-24 01:17:58,809 [Thread-632:9980] [index:77] [DEBUG]- wrapper有：0
2013-10-24 01:18:26,000 [Thread-657:10288] [index:163] [INFO]- 标题长度:5
2013-10-24 01:18:26,000 [Thread-657:10288] [index:163] [INFO]- 标题长度:3
2013-10-24 01:18:26,002 [Thread-657:10288] [index:163] [INFO]- 标题长度:18
2013-10-24 01:18:26,005 [Thread-657:10288] [index:77] [DEBUG]- wrapper有：0
2013-10-24 01:18:33,361 [Thread-670:10392] [index:163] [INFO]- 标题长度:5
2013-10-24 01:18:33,361 [Thread-670:10392] [index:163] [INFO]- 标题长度:3
2013-10-24 01:18:33,362 [Thread-670:10392] [index:163] [INFO]- 标题长度:18
2013-10-24 01:18:33,367 [Thread-670:10392] [index:77] [DEBUG]- wrapper有：0
2013-10-24 01:19:14,144 [Thread-695:11040] [index:163] [INFO]- 标题长度:5
2013-10-24 01:19:14,145 [Thread-695:11040] [index:163] [INFO]- 标题长度:3
2013-10-24 01:19:14,147 [Thread-695:11040] [index:163] [INFO]- 标题长度:18
2013-10-24 01:19:14,150 [Thread-695:11040] [index:77] [DEBUG]- wrapper有：0
2013-10-24 01:21:41,378 [Thread-720:11896] [index:163] [INFO]- 标题长度:5
2013-10-24 01:21:41,378 [Thread-720:11896] [index:163] [INFO]- 标题长度:3
2013-10-24 01:21:41,378 [Thread-720:11896] [index:163] [INFO]- 标题长度:18
2013-10-24 01:21:44,663 [Thread-723:11928] [index:163] [INFO]- 标题长度:5
2013-10-24 01:21:44,663 [Thread-723:11928] [index:163] [INFO]- 标题长度:3
2013-10-24 01:21:44,664 [Thread-723:11928] [index:163] [INFO]- 标题长度:18
2013-10-24 01:21:44,668 [Thread-723:11928] [index:77] [DEBUG]- wrapper有：0
2013-10-24 01:21:52,551 [Thread-736:12160] [index:163] [INFO]- 标题长度:5
2013-10-24 01:21:52,552 [Thread-736:12160] [index:163] [INFO]- 标题长度:3
2013-10-24 01:21:52,552 [Thread-736:12160] [index:163] [INFO]- 标题长度:18
2013-10-24 01:21:52,555 [Thread-736:12160] [index:77] [DEBUG]- wrapper有：0
2013-10-24 01:25:57,006 [Thread-749:13816] [index:163] [INFO]- 标题长度:5
2013-10-24 01:25:57,006 [Thread-749:13816] [index:163] [INFO]- 标题长度:3
2013-10-24 01:25:57,007 [Thread-749:13816] [index:163] [INFO]- 标题长度:18
2013-10-24 01:25:57,010 [Thread-749:13816] [index:77] [DEBUG]- wrapper有：0
2013-10-24 01:26:04,170 [Thread-772:14024] [index:163] [INFO]- 标题长度:5
2013-10-24 01:26:04,170 [Thread-772:14024] [index:163] [INFO]- 标题长度:3
2013-10-24 01:26:04,171 [Thread-772:14024] [index:163] [INFO]- 标题长度:18
2013-10-24 01:26:04,174 [Thread-772:14024] [index:77] [DEBUG]- wrapper有：0
2013-10-25 22:22:06,127 [Thread-1:31148] [index:163] [INFO]- 标题长度:5
2013-10-25 22:22:06,141 [Thread-1:31148] [index:163] [INFO]- 标题长度:3
2013-10-25 22:22:06,144 [Thread-1:31148] [index:163] [INFO]- 标题长度:18
2013-10-25 22:22:06,187 [Thread-1:31148] [index:77] [DEBUG]- wrapper有：0
2013-10-25 22:23:14,658 [Thread-26:30064] [index:163] [INFO]- 标题长度:5
2013-10-25 22:23:14,658 [Thread-26:30064] [index:163] [INFO]- 标题长度:3
2013-10-25 22:23:14,661 [Thread-26:30064] [index:163] [INFO]- 标题长度:18
2013-10-25 22:23:14,667 [Thread-26:30064] [index:77] [DEBUG]- wrapper有：0
2013-10-25 22:24:39,230 [Thread-53:35340] [index:163] [INFO]- 标题长度:5
2013-10-25 22:24:39,230 [Thread-53:35340] [index:163] [INFO]- 标题长度:3
2013-10-25 22:24:39,232 [Thread-53:35340] [index:163] [INFO]- 标题长度:18
2013-10-25 22:24:39,234 [Thread-53:35340] [index:77] [DEBUG]- wrapper有：0
2013-10-25 22:26:18,490 [Thread-74:37008] [index:163] [INFO]- 标题长度:5
2013-10-25 22:26:18,490 [Thread-74:37008] [index:163] [INFO]- 标题长度:3
2013-10-25 22:26:18,493 [Thread-74:37008] [index:163] [INFO]- 标题长度:18
2013-10-25 22:26:18,496 [Thread-74:37008] [index:77] [DEBUG]- wrapper有：0
2013-10-25 22:27:44,099 [Thread-95:36312] [index:163] [INFO]- 标题长度:5
2013-10-25 22:27:44,099 [Thread-95:36312] [index:163] [INFO]- 标题长度:3
2013-10-25 22:27:44,101 [Thread-95:36312] [index:163] [INFO]- 标题长度:18
2013-10-25 22:27:44,105 [Thread-95:36312] [index:77] [DEBUG]- wrapper有：0
2013-10-25 22:41:18,576 [Thread-116:31088] [index:163] [INFO]- 标题长度:5
2013-10-25 22:41:18,576 [Thread-116:31088] [index:163] [INFO]- 标题长度:3
2013-10-25 22:41:18,578 [Thread-116:31088] [index:163] [INFO]- 标题长度:18
2013-10-25 22:41:18,582 [Thread-116:31088] [index:77] [DEBUG]- wrapper有：0
2013-10-25 22:47:04,361 [Thread-141:35852] [index:163] [INFO]- 标题长度:5
2013-10-25 22:47:04,361 [Thread-141:35852] [index:163] [INFO]- 标题长度:3
2013-10-25 22:47:04,361 [Thread-141:35852] [index:163] [INFO]- 标题长度:18
2013-10-25 22:47:04,365 [Thread-141:35852] [index:77] [DEBUG]- wrapper有：0
2013-10-25 22:51:48,832 [Thread-162:38456] [index:163] [INFO]- 标题长度:5
2013-10-25 22:51:48,832 [Thread-162:38456] [index:163] [INFO]- 标题长度:3
2013-10-25 22:51:48,832 [Thread-162:38456] [index:163] [INFO]- 标题长度:18
2013-10-25 22:51:48,835 [Thread-162:38456] [index:77] [DEBUG]- wrapper有：0
2013-10-25 23:16:22,920 [Thread-185:23268] [index:163] [INFO]- 标题长度:5
2013-10-25 23:16:22,921 [Thread-185:23268] [index:163] [INFO]- 标题长度:3
2013-10-25 23:16:22,921 [Thread-185:23268] [index:163] [INFO]- 标题长度:18
2013-10-25 23:16:22,926 [Thread-185:23268] [index:77] [DEBUG]- wrapper有：0
2013-10-25 23:16:27,927 [Thread-189:24652] [index:163] [INFO]- 标题长度:5
2013-10-25 23:16:27,927 [Thread-189:24652] [index:163] [INFO]- 标题长度:3
2013-10-25 23:16:27,927 [Thread-189:24652] [index:163] [INFO]- 标题长度:18
2013-10-25 23:17:02,342 [Thread-197:25024] [index:163] [INFO]- 标题长度:5
2013-10-25 23:17:02,342 [Thread-197:25024] [index:163] [INFO]- 标题长度:3
2013-10-25 23:17:02,344 [Thread-197:25024] [index:163] [INFO]- 标题长度:18
2013-10-25 23:17:02,346 [Thread-197:25024] [index:77] [DEBUG]- wrapper有：0
2013-10-25 23:17:18,753 [Thread-202:40660] [index:163] [INFO]- 标题长度:5
2013-10-25 23:17:18,753 [Thread-202:40660] [index:163] [INFO]- 标题长度:3
2013-10-25 23:17:18,755 [Thread-202:40660] [index:163] [INFO]- 标题长度:18
2013-10-25 23:17:18,757 [Thread-202:40660] [index:77] [DEBUG]- wrapper有：0
2013-10-25 23:17:28,176 [Thread-226:3284] [index:163] [INFO]- 标题长度:5
2013-10-25 23:17:28,176 [Thread-226:3284] [index:163] [INFO]- 标题长度:3
2013-10-25 23:17:28,177 [Thread-226:3284] [index:163] [INFO]- 标题长度:18
2013-10-25 23:17:28,181 [Thread-226:3284] [index:77] [DEBUG]- wrapper有：0
2013-10-25 23:19:07,279 [Thread-248:10512] [index:163] [INFO]- 标题长度:5
2013-10-25 23:19:07,279 [Thread-248:10512] [index:163] [INFO]- 标题长度:3
2013-10-25 23:19:07,280 [Thread-248:10512] [index:163] [INFO]- 标题长度:18
2013-10-25 23:19:07,285 [Thread-248:10512] [index:77] [DEBUG]- wrapper有：0
2013-10-25 23:19:17,730 [Thread-270:2952] [index:163] [INFO]- 标题长度:5
2013-10-25 23:19:17,730 [Thread-270:2952] [index:163] [INFO]- 标题长度:3
2013-10-25 23:19:17,732 [Thread-270:2952] [index:163] [INFO]- 标题长度:18
2013-10-25 23:19:17,736 [Thread-270:2952] [index:77] [DEBUG]- wrapper有：0
2013-10-25 23:20:30,526 [Thread-292:3384] [index:163] [INFO]- 标题长度:5
2013-10-25 23:20:30,526 [Thread-292:3384] [index:163] [INFO]- 标题长度:3
2013-10-25 23:20:30,528 [Thread-292:3384] [index:163] [INFO]- 标题长度:18
2013-10-25 23:20:30,530 [Thread-292:3384] [index:77] [DEBUG]- wrapper有：0
2013-10-26 18:22:03,244 [Thread-1:13480] [index:163] [INFO]- 标题长度:5
2013-10-26 18:22:03,273 [Thread-1:13480] [index:163] [INFO]- 标题长度:3
2013-10-26 18:22:03,276 [Thread-1:13480] [index:163] [INFO]- 标题长度:18
2013-10-26 18:22:03,280 [Thread-1:13480] [index:77] [DEBUG]- wrapper有：0
2013-10-26 18:26:06,486 [Thread-27:36520] [index:163] [INFO]- 标题长度:5
2013-10-26 18:26:06,486 [Thread-27:36520] [index:163] [INFO]- 标题长度:3
2013-10-26 18:26:06,487 [Thread-27:36520] [index:163] [INFO]- 标题长度:18
2013-10-26 18:26:06,490 [Thread-27:36520] [index:77] [DEBUG]- wrapper有：0
2013-10-26 18:26:22,845 [Thread-49:34432] [index:163] [INFO]- 标题长度:5
2013-10-26 18:26:22,845 [Thread-49:34432] [index:163] [INFO]- 标题长度:3
2013-10-26 18:26:22,845 [Thread-49:34432] [index:163] [INFO]- 标题长度:18
2013-10-26 18:26:22,848 [Thread-49:34432] [index:77] [DEBUG]- wrapper有：0
2013-10-26 18:26:45,427 [Thread-72:33012] [index:163] [INFO]- 标题长度:5
2013-10-26 18:26:45,427 [Thread-72:33012] [index:163] [INFO]- 标题长度:3
2013-10-26 18:26:45,428 [Thread-72:33012] [index:163] [INFO]- 标题长度:18
2013-10-26 18:26:45,431 [Thread-72:33012] [index:77] [DEBUG]- wrapper有：0
2013-10-26 18:27:19,602 [Thread-77:26464] [index:163] [INFO]- 标题长度:5
2013-10-26 18:27:19,602 [Thread-77:26464] [index:163] [INFO]- 标题长度:3
2013-10-26 18:27:19,604 [Thread-77:26464] [index:163] [INFO]- 标题长度:18
2013-10-26 18:27:19,607 [Thread-77:26464] [index:77] [DEBUG]- wrapper有：0
2013-10-26 18:28:13,463 [Thread-101:30632] [index:163] [INFO]- 标题长度:5
2013-10-26 18:28:13,463 [Thread-101:30632] [index:163] [INFO]- 标题长度:3
2013-10-26 18:28:13,464 [Thread-101:30632] [index:163] [INFO]- 标题长度:18
2013-10-26 18:28:13,467 [Thread-101:30632] [index:77] [DEBUG]- wrapper有：0
2013-10-26 18:29:11,250 [Thread-122:40356] [index:163] [INFO]- 标题长度:5
2013-10-26 18:29:11,250 [Thread-122:40356] [index:163] [INFO]- 标题长度:3
2013-10-26 18:29:11,250 [Thread-122:40356] [index:163] [INFO]- 标题长度:18
2013-10-26 18:29:11,255 [Thread-122:40356] [index:77] [DEBUG]- wrapper有：0
2013-10-26 18:33:58,125 [Thread-143:13948] [index:163] [INFO]- 标题长度:5
2013-10-26 18:33:58,125 [Thread-143:13948] [index:163] [INFO]- 标题长度:3
2013-10-26 18:33:58,125 [Thread-143:13948] [index:163] [INFO]- 标题长度:18
2013-10-26 18:33:58,128 [Thread-143:13948] [index:77] [DEBUG]- wrapper有：0
2013-10-26 18:38:10,036 [Thread-167:30492] [index:163] [INFO]- 标题长度:5
2013-10-26 18:38:10,036 [Thread-167:30492] [index:163] [INFO]- 标题长度:3
2013-10-26 18:38:10,036 [Thread-167:30492] [index:163] [INFO]- 标题长度:18
2013-10-26 18:38:10,039 [Thread-167:30492] [index:77] [DEBUG]- wrapper有：0
2013-10-26 18:39:20,953 [Thread-193:3240] [index:163] [INFO]- 标题长度:5
2013-10-26 18:39:20,953 [Thread-193:3240] [index:163] [INFO]- 标题长度:3
2013-10-26 18:39:20,954 [Thread-193:3240] [index:163] [INFO]- 标题长度:18
2013-10-26 18:39:20,959 [Thread-193:3240] [index:77] [DEBUG]- wrapper有：0
2013-10-26 18:39:55,354 [Thread-219:13508] [index:163] [INFO]- 标题长度:5
2013-10-26 18:39:55,354 [Thread-219:13508] [index:163] [INFO]- 标题长度:3
2013-10-26 18:39:55,355 [Thread-219:13508] [index:163] [INFO]- 标题长度:18
2013-10-26 18:39:55,358 [Thread-219:13508] [index:77] [DEBUG]- wrapper有：0
2013-10-26 18:40:21,348 [Thread-246:8700] [index:163] [INFO]- 标题长度:5
2013-10-26 18:40:21,348 [Thread-246:8700] [index:163] [INFO]- 标题长度:3
2013-10-26 18:40:21,349 [Thread-246:8700] [index:163] [INFO]- 标题长度:18
2013-10-26 18:40:21,352 [Thread-246:8700] [index:77] [DEBUG]- wrapper有：0
2013-10-26 18:40:42,673 [Thread-271:37960] [index:163] [INFO]- 标题长度:5
2013-10-26 18:40:42,674 [Thread-271:37960] [index:163] [INFO]- 标题长度:3
2013-10-26 18:40:42,674 [Thread-271:37960] [index:163] [INFO]- 标题长度:18
2013-10-26 18:40:42,677 [Thread-271:37960] [index:77] [DEBUG]- wrapper有：0
2013-10-26 18:42:29,345 [Thread-297:1828] [index:163] [INFO]- 标题长度:5
2013-10-26 18:42:29,345 [Thread-297:1828] [index:163] [INFO]- 标题长度:3
2013-10-26 18:42:29,345 [Thread-297:1828] [index:163] [INFO]- 标题长度:18
2013-10-26 18:42:29,348 [Thread-297:1828] [index:77] [DEBUG]- wrapper有：0
2013-10-26 18:43:09,088 [Thread-323:34404] [index:163] [INFO]- 标题长度:5
2013-10-26 18:43:09,088 [Thread-323:34404] [index:163] [INFO]- 标题长度:3
2013-10-26 18:43:09,089 [Thread-323:34404] [index:163] [INFO]- 标题长度:18
2013-10-26 18:43:09,092 [Thread-323:34404] [index:77] [DEBUG]- wrapper有：0
2013-10-26 18:43:18,043 [Thread-349:27200] [index:163] [INFO]- 标题长度:5
2013-10-26 18:43:18,043 [Thread-349:27200] [index:163] [INFO]- 标题长度:3
2013-10-26 18:43:18,046 [Thread-349:27200] [index:163] [INFO]- 标题长度:18
2013-10-26 18:43:18,049 [Thread-349:27200] [index:77] [DEBUG]- wrapper有：0
2013-10-26 18:46:04,772 [Thread-362:30368] [index:163] [INFO]- 标题长度:5
2013-10-26 18:46:04,772 [Thread-362:30368] [index:163] [INFO]- 标题长度:3
2013-10-26 18:46:04,773 [Thread-362:30368] [index:163] [INFO]- 标题长度:18
2013-10-26 18:46:04,776 [Thread-362:30368] [index:77] [DEBUG]- wrapper有：0
2013-10-26 18:47:08,388 [Thread-388:27812] [index:163] [INFO]- 标题长度:5
2013-10-26 18:47:08,388 [Thread-388:27812] [index:163] [INFO]- 标题长度:3
2013-10-26 18:47:08,390 [Thread-388:27812] [index:163] [INFO]- 标题长度:18
2013-10-26 18:47:08,392 [Thread-388:27812] [index:77] [DEBUG]- wrapper有：0
2013-10-26 18:47:39,076 [Thread-414:24896] [index:163] [INFO]- 标题长度:5
2013-10-26 18:47:39,078 [Thread-414:24896] [index:163] [INFO]- 标题长度:3
2013-10-26 18:47:39,078 [Thread-414:24896] [index:163] [INFO]- 标题长度:18
2013-10-26 18:47:39,081 [Thread-414:24896] [index:77] [DEBUG]- wrapper有：0
2013-10-26 18:48:34,530 [Thread-440:5656] [index:163] [INFO]- 标题长度:5
2013-10-26 18:48:34,532 [Thread-440:5656] [index:163] [INFO]- 标题长度:3
2013-10-26 18:48:34,532 [Thread-440:5656] [index:163] [INFO]- 标题长度:18
2013-10-26 18:48:34,536 [Thread-440:5656] [index:77] [DEBUG]- wrapper有：0
2013-10-26 18:49:56,447 [Thread-466:7272] [index:163] [INFO]- 标题长度:5
2013-10-26 18:49:56,447 [Thread-466:7272] [index:163] [INFO]- 标题长度:3
2013-10-26 18:49:56,447 [Thread-466:7272] [index:163] [INFO]- 标题长度:18
2013-10-26 18:49:56,451 [Thread-466:7272] [index:77] [DEBUG]- wrapper有：0
2013-10-26 18:50:21,966 [Thread-491:1480] [index:163] [INFO]- 标题长度:5
2013-10-26 18:50:21,966 [Thread-491:1480] [index:163] [INFO]- 标题长度:3
2013-10-26 18:50:21,967 [Thread-491:1480] [index:163] [INFO]- 标题长度:18
2013-10-26 18:50:21,970 [Thread-491:1480] [index:77] [DEBUG]- wrapper有：0
2013-10-26 18:50:40,823 [Thread-516:29884] [index:163] [INFO]- 标题长度:5
2013-10-26 18:50:40,823 [Thread-516:29884] [index:163] [INFO]- 标题长度:3
2013-10-26 18:50:40,825 [Thread-516:29884] [index:163] [INFO]- 标题长度:18
2013-10-26 18:50:40,828 [Thread-516:29884] [index:77] [DEBUG]- wrapper有：0
2013-10-26 18:51:04,443 [Thread-545:32884] [index:163] [INFO]- 标题长度:5
2013-10-26 18:51:04,443 [Thread-545:32884] [index:163] [INFO]- 标题长度:3
2013-10-26 18:51:04,444 [Thread-545:32884] [index:163] [INFO]- 标题长度:18
2013-10-26 18:51:04,448 [Thread-545:32884] [index:77] [DEBUG]- wrapper有：0
2013-10-26 18:51:29,822 [Thread-566:40120] [index:163] [INFO]- 标题长度:5
2013-10-26 18:51:29,822 [Thread-566:40120] [index:163] [INFO]- 标题长度:3
2013-10-26 18:51:29,825 [Thread-566:40120] [index:163] [INFO]- 标题长度:18
2013-10-26 18:51:29,826 [Thread-566:40120] [index:77] [DEBUG]- wrapper有：0
2013-10-26 18:51:46,996 [Thread-591:27760] [index:163] [INFO]- 标题长度:5
2013-10-26 18:51:46,996 [Thread-591:27760] [index:163] [INFO]- 标题长度:3
2013-10-26 18:51:46,997 [Thread-591:27760] [index:163] [INFO]- 标题长度:18
2013-10-26 18:51:47,002 [Thread-591:27760] [index:77] [DEBUG]- wrapper有：0
2013-10-26 18:52:00,438 [Thread-617:36900] [index:163] [INFO]- 标题长度:5
2013-10-26 18:52:00,438 [Thread-617:36900] [index:163] [INFO]- 标题长度:3
2013-10-26 18:52:00,440 [Thread-617:36900] [index:163] [INFO]- 标题长度:18
2013-10-26 18:52:00,443 [Thread-617:36900] [index:77] [DEBUG]- wrapper有：0
2013-10-26 18:52:20,279 [Thread-641:388] [index:163] [INFO]- 标题长度:5
2013-10-26 18:52:20,279 [Thread-641:388] [index:163] [INFO]- 标题长度:3
2013-10-26 18:52:20,279 [Thread-641:388] [index:163] [INFO]- 标题长度:18
2013-10-26 18:52:20,282 [Thread-641:388] [index:77] [DEBUG]- wrapper有：0
2013-10-26 18:52:33,780 [Thread-666:24140] [index:163] [INFO]- 标题长度:5
2013-10-26 18:52:33,780 [Thread-666:24140] [index:163] [INFO]- 标题长度:3
2013-10-26 18:52:33,782 [Thread-666:24140] [index:163] [INFO]- 标题长度:18
2013-10-26 18:52:33,785 [Thread-666:24140] [index:77] [DEBUG]- wrapper有：0
2013-10-26 18:53:06,384 [Thread-691:40484] [index:163] [INFO]- 标题长度:5
2013-10-26 18:53:06,384 [Thread-691:40484] [index:163] [INFO]- 标题长度:3
2013-10-26 18:53:06,387 [Thread-691:40484] [index:163] [INFO]- 标题长度:18
2013-10-26 18:53:06,388 [Thread-691:40484] [index:77] [DEBUG]- wrapper有：0
2013-10-26 18:53:31,634 [Thread-717:37836] [index:163] [INFO]- 标题长度:5
2013-10-26 18:53:31,634 [Thread-717:37836] [index:163] [INFO]- 标题长度:3
2013-10-26 18:53:31,637 [Thread-717:37836] [index:163] [INFO]- 标题长度:18
2013-10-26 18:53:31,640 [Thread-717:37836] [index:77] [DEBUG]- wrapper有：0
2013-10-26 18:54:00,526 [Thread-741:23344] [index:163] [INFO]- 标题长度:5
2013-10-26 18:54:00,526 [Thread-741:23344] [index:163] [INFO]- 标题长度:3
2013-10-26 18:54:00,528 [Thread-741:23344] [index:163] [INFO]- 标题长度:18
2013-10-26 18:54:00,530 [Thread-741:23344] [index:77] [DEBUG]- wrapper有：0
2013-10-26 18:58:15,473 [Thread-766:25484] [index:163] [INFO]- 标题长度:5
2013-10-26 18:58:15,473 [Thread-766:25484] [index:163] [INFO]- 标题长度:3
2013-10-26 18:58:15,474 [Thread-766:25484] [index:163] [INFO]- 标题长度:18
2013-10-26 18:58:15,477 [Thread-766:25484] [index:77] [DEBUG]- wrapper有：0
2013-10-26 18:58:17,526 [Thread-791:20872] [index:163] [INFO]- 标题长度:5
2013-10-26 18:58:17,526 [Thread-791:20872] [index:163] [INFO]- 标题长度:3
2013-10-26 18:58:17,529 [Thread-791:20872] [index:163] [INFO]- 标题长度:18
2013-10-26 18:58:17,532 [Thread-791:20872] [index:77] [DEBUG]- wrapper有：0
2013-10-26 18:59:08,316 [Thread-796:5288] [index:163] [INFO]- 标题长度:5
2013-10-26 18:59:08,316 [Thread-796:5288] [index:163] [INFO]- 标题长度:3
2013-10-26 18:59:08,318 [Thread-796:5288] [index:163] [INFO]- 标题长度:18
2013-10-26 18:59:08,322 [Thread-796:5288] [index:77] [DEBUG]- wrapper有：0
2013-10-26 18:59:10,589 [Thread-821:27388] [index:163] [INFO]- 标题长度:5
2013-10-26 18:59:10,589 [Thread-821:27388] [index:163] [INFO]- 标题长度:3
2013-10-26 18:59:10,592 [Thread-821:27388] [index:163] [INFO]- 标题长度:18
2013-10-26 18:59:10,598 [Thread-821:27388] [index:77] [DEBUG]- wrapper有：0
2013-10-26 18:59:33,684 [Thread-832:18692] [index:163] [INFO]- 标题长度:5
2013-10-26 18:59:33,684 [Thread-832:18692] [index:163] [INFO]- 标题长度:3
2013-10-26 18:59:33,687 [Thread-832:18692] [index:163] [INFO]- 标题长度:18
2013-10-26 18:59:33,690 [Thread-832:18692] [index:77] [DEBUG]- wrapper有：0
2013-10-26 18:59:53,045 [Thread-857:39256] [index:163] [INFO]- 标题长度:5
2013-10-26 18:59:53,045 [Thread-857:39256] [index:163] [INFO]- 标题长度:3
2013-10-26 18:59:53,046 [Thread-857:39256] [index:163] [INFO]- 标题长度:18
2013-10-26 18:59:53,049 [Thread-857:39256] [index:77] [DEBUG]- wrapper有：0
2013-10-26 19:00:50,053 [Thread-882:23724] [index:163] [INFO]- 标题长度:5
2013-10-26 19:00:50,053 [Thread-882:23724] [index:163] [INFO]- 标题长度:3
2013-10-26 19:00:50,055 [Thread-882:23724] [index:163] [INFO]- 标题长度:18
2013-10-26 19:00:50,059 [Thread-882:23724] [index:77] [DEBUG]- wrapper有：0
2013-10-26 19:03:52,846 [Thread-907:27260] [index:163] [INFO]- 标题长度:5
2013-10-26 19:03:52,846 [Thread-907:27260] [index:163] [INFO]- 标题长度:3
2013-10-26 19:03:52,848 [Thread-907:27260] [index:163] [INFO]- 标题长度:18
2013-10-26 19:03:52,854 [Thread-907:27260] [index:77] [DEBUG]- wrapper有：0
2013-10-26 19:06:31,480 [Thread-932:30180] [index:163] [INFO]- 标题长度:5
2013-10-26 19:06:31,482 [Thread-932:30180] [index:163] [INFO]- 标题长度:3
2013-10-26 19:06:31,483 [Thread-932:30180] [index:163] [INFO]- 标题长度:18
2013-10-26 19:06:31,486 [Thread-932:30180] [index:77] [DEBUG]- wrapper有：0
2013-10-26 19:07:45,461 [Thread-958:27332] [index:163] [INFO]- 标题长度:5
2013-10-26 19:07:45,461 [Thread-958:27332] [index:163] [INFO]- 标题长度:3
2013-10-26 19:07:45,463 [Thread-958:27332] [index:163] [INFO]- 标题长度:18
2013-10-26 19:07:45,467 [Thread-958:27332] [index:77] [DEBUG]- wrapper有：0
2013-10-26 19:08:42,653 [Thread-984:24588] [index:163] [INFO]- 标题长度:5
2013-10-26 19:08:42,654 [Thread-984:24588] [index:163] [INFO]- 标题长度:3
2013-10-26 19:08:42,654 [Thread-984:24588] [index:163] [INFO]- 标题长度:18
2013-10-26 19:08:42,657 [Thread-984:24588] [index:77] [DEBUG]- wrapper有：0
2013-10-26 19:14:23,019 [Thread-1009:6728] [index:163] [INFO]- 标题长度:5
2013-10-26 19:14:23,019 [Thread-1009:6728] [index:163] [INFO]- 标题长度:3
2013-10-26 19:14:23,023 [Thread-1009:6728] [index:163] [INFO]- 标题长度:18
2013-10-26 19:14:23,029 [Thread-1009:6728] [index:77] [DEBUG]- wrapper有：0
2013-10-26 19:19:06,680 [Thread-1034:8808] [index:163] [INFO]- 标题长度:5
2013-10-26 19:19:06,680 [Thread-1034:8808] [index:163] [INFO]- 标题长度:3
2013-10-26 19:19:06,681 [Thread-1034:8808] [index:163] [INFO]- 标题长度:18
2013-10-26 19:19:06,686 [Thread-1034:8808] [index:77] [DEBUG]- wrapper有：0
2013-10-26 19:19:10,956 [Thread-1059:39168] [index:163] [INFO]- 标题长度:5
2013-10-26 19:19:10,957 [Thread-1059:39168] [index:163] [INFO]- 标题长度:3
2013-10-26 19:19:10,957 [Thread-1059:39168] [index:163] [INFO]- 标题长度:18
2013-10-26 19:19:10,960 [Thread-1059:39168] [index:77] [DEBUG]- wrapper有：0
2013-10-26 19:36:32,270 [Thread-1:11672] [index:163] [INFO]- 标题长度:5
2013-10-26 19:36:32,270 [Thread-1:11672] [index:163] [INFO]- 标题长度:3
2013-10-26 19:36:32,272 [Thread-1:11672] [index:163] [INFO]- 标题长度:18
2013-10-26 19:36:32,275 [Thread-1:11672] [index:77] [DEBUG]- wrapper有：0
